{"/Users/lukehoysted/Sites/LoanApplicationRedux/src/data.js": {"path":"/Users/lukehoysted/Sites/LoanApplicationRedux/src/data.js","statementMap":{"0":{"start":{"line":1,"column":0},"end":{"line":null,"column":-1}}},"fnMap":{},"branchMap":{},"s":{"0":0},"f":{},"b":{}}
,"/Users/lukehoysted/Sites/LoanApplicationRedux/src/index.js": {"path":"/Users/lukehoysted/Sites/LoanApplicationRedux/src/index.js","statementMap":{"0":{"start":{"line":1,"column":0},"end":{"line":null,"column":-1}},"1":{"start":{"line":2,"column":0},"end":{"line":null,"column":-1}},"2":{"start":{"line":3,"column":0},"end":{"line":null,"column":-1}},"3":{"start":{"line":4,"column":0},"end":{"line":null,"column":-1}},"4":{"start":{"line":6,"column":0},"end":{"line":null,"column":-1}},"5":{"start":{"line":7,"column":0},"end":{"line":null,"column":-1}},"6":{"start":{"line":8,"column":0},"end":{"line":null,"column":-1}},"7":{"start":{"line":10,"column":14},"end":{"line":10,"column":0}},"8":{"start":{"line":16,"column":0},"end":{"line":null,"column":-1}}},"fnMap":{},"branchMap":{"0":{"loc":{"start":{"line":13,"column":4},"end":{"line":13,"column":3}},"type":"binary-expr","locations":[{"start":{"line":13,"column":4},"end":{"line":13,"column":3}},{"start":{"line":13,"column":43},"end":{"line":10,"column":14}}]}},"s":{"0":0,"1":0,"2":0,"3":0,"4":0,"5":0,"6":0,"7":0,"8":0},"f":{},"b":{"0":[0,0]}}
,"/Users/lukehoysted/Sites/LoanApplicationRedux/src/actions/index.js": {"path":"/Users/lukehoysted/Sites/LoanApplicationRedux/src/actions/index.js","statementMap":{"0":{"start":{"line":1,"column":35},"end":{"line":1,"column":56}},"1":{"start":{"line":3,"column":34},"end":{"line":3,"column":54}},"2":{"start":{"line":5,"column":35},"end":{"line":5,"column":56}},"3":{"start":{"line":6,"column":32},"end":{"line":6,"column":50}},"4":{"start":{"line":7,"column":35},"end":{"line":7,"column":56}},"5":{"start":{"line":10,"column":4},"end":{"line":18,"column":5}},"6":{"start":{"line":23,"column":4},"end":{"line":23,"column":48}},"7":{"start":{"line":24,"column":4},"end":{"line":27,"column":5}},"8":{"start":{"line":31,"column":4},"end":{"line":35,"column":5}},"9":{"start":{"line":39,"column":4},"end":{"line":43,"column":5}},"10":{"start":{"line":47,"column":4},"end":{"line":51,"column":5}}},"fnMap":{"0":{"name":"addNewApplication","decl":{"start":{"line":9,"column":16},"end":{"line":9,"column":33}},"loc":{"start":{"line":9,"column":65},"end":{"line":19,"column":1}},"line":9},"1":{"name":"deleteApplication","decl":{"start":{"line":22,"column":16},"end":{"line":22,"column":33}},"loc":{"start":{"line":22,"column":41},"end":{"line":28,"column":1}},"line":22},"2":{"name":"approveApplication","decl":{"start":{"line":30,"column":16},"end":{"line":30,"column":34}},"loc":{"start":{"line":30,"column":50},"end":{"line":36,"column":1}},"line":30},"3":{"name":"denyApplication","decl":{"start":{"line":38,"column":16},"end":{"line":38,"column":31}},"loc":{"start":{"line":38,"column":47},"end":{"line":44,"column":1}},"line":38},"4":{"name":"pendingApplication","decl":{"start":{"line":46,"column":16},"end":{"line":46,"column":34}},"loc":{"start":{"line":46,"column":50},"end":{"line":52,"column":1}},"line":46}},"branchMap":{},"s":{"0":1,"1":1,"2":1,"3":1,"4":1,"5":0,"6":0,"7":0,"8":0,"9":0,"10":0},"f":{"0":0,"1":0,"2":0,"3":0,"4":0},"b":{},"_coverageSchema":"332fd63041d2c1bcb487cc26dd0d5f7d97098a6c","hash":"809d9d8bd73bd19eaab00d6bc7cdd0edc939c3f9"}
,"/Users/lukehoysted/Sites/LoanApplicationRedux/src/components/clientfilter/clientfilter.js": {"path":"/Users/lukehoysted/Sites/LoanApplicationRedux/src/components/clientfilter/clientfilter.js","statementMap":{"0":{"start":{"line":6,"column":10},"end":{"line":31,"column":11}}},"fnMap":{"0":{"name":"(anonymous_0)","decl":{"start":{"line":5,"column":5},"end":{"line":5,"column":6}},"loc":{"start":{"line":5,"column":14},"end":{"line":32,"column":6}},"line":5}},"branchMap":{},"s":{"0":1},"f":{"0":1},"b":{},"_coverageSchema":"332fd63041d2c1bcb487cc26dd0d5f7d97098a6c","hash":"2455899adf787fb817da43b52340f48bc6db65b7"}
,"/Users/lukehoysted/Sites/LoanApplicationRedux/src/components/indexview/indexview.js": {"path":"/Users/lukehoysted/Sites/LoanApplicationRedux/src/components/indexview/indexview.js","statementMap":{"0":{"start":{"line":26,"column":8},"end":{"line":30,"column":9}},"1":{"start":{"line":27,"column":27},"end":{"line":27,"column":55}},"2":{"start":{"line":28,"column":34},"end":{"line":28,"column":93}},"3":{"start":{"line":28,"column":58},"end":{"line":28,"column":92}},"4":{"start":{"line":29,"column":12},"end":{"line":29,"column":82}},"5":{"start":{"line":31,"column":8},"end":{"line":33,"column":9}},"6":{"start":{"line":32,"column":12},"end":{"line":32,"column":71}},"7":{"start":{"line":37,"column":8},"end":{"line":41,"column":9}},"8":{"start":{"line":38,"column":27},"end":{"line":38,"column":55}},"9":{"start":{"line":39,"column":34},"end":{"line":39,"column":93}},"10":{"start":{"line":39,"column":58},"end":{"line":39,"column":92}},"11":{"start":{"line":40,"column":12},"end":{"line":40,"column":82}},"12":{"start":{"line":42,"column":8},"end":{"line":44,"column":9}},"13":{"start":{"line":43,"column":12},"end":{"line":43,"column":71}},"14":{"start":{"line":48,"column":8},"end":{"line":48,"column":44}},"15":{"start":{"line":52,"column":26},"end":{"line":52,"column":44}},"16":{"start":{"line":54,"column":8},"end":{"line":57,"column":9}},"17":{"start":{"line":55,"column":27},"end":{"line":55,"column":37}},"18":{"start":{"line":56,"column":12},"end":{"line":56,"column":57}},"19":{"start":{"line":59,"column":8},"end":{"line":62,"column":9}},"20":{"start":{"line":60,"column":27},"end":{"line":60,"column":35}},"21":{"start":{"line":61,"column":12},"end":{"line":61,"column":54}},"22":{"start":{"line":64,"column":8},"end":{"line":67,"column":9}},"23":{"start":{"line":65,"column":27},"end":{"line":65,"column":36}},"24":{"start":{"line":66,"column":12},"end":{"line":66,"column":54}},"25":{"start":{"line":71,"column":26},"end":{"line":71,"column":37}},"26":{"start":{"line":76,"column":8},"end":{"line":100,"column":9}},"27":{"start":{"line":77,"column":12},"end":{"line":99,"column":14}},"28":{"start":{"line":79,"column":16},"end":{"line":79,"column":41}},"29":{"start":{"line":82,"column":16},"end":{"line":98,"column":18}},"30":{"start":{"line":88,"column":69},"end":{"line":88,"column":103}},"31":{"start":{"line":90,"column":85},"end":{"line":90,"column":131}},"32":{"start":{"line":102,"column":8},"end":{"line":115,"column":9}},"33":{"start":{"line":103,"column":12},"end":{"line":114,"column":14}},"34":{"start":{"line":104,"column":16},"end":{"line":113,"column":18}},"35":{"start":{"line":117,"column":8},"end":{"line":146,"column":10}},"36":{"start":{"line":151,"column":24},"end":{"line":153,"column":2}},"37":{"start":{"line":151,"column":36},"end":{"line":153,"column":1}},"38":{"start":{"line":155,"column":27},"end":{"line":160,"column":2}},"39":{"start":{"line":155,"column":42},"end":{"line":160,"column":1}},"40":{"start":{"line":156,"column":34},"end":{"line":156,"column":68}},"41":{"start":{"line":157,"column":43},"end":{"line":157,"column":86}},"42":{"start":{"line":158,"column":40},"end":{"line":158,"column":80}},"43":{"start":{"line":159,"column":43},"end":{"line":159,"column":86}}},"fnMap":{"0":{"name":"(anonymous_0)","decl":{"start":{"line":25,"column":28},"end":{"line":25,"column":29}},"loc":{"start":{"line":25,"column":39},"end":{"line":34,"column":5}},"line":25},"1":{"name":"(anonymous_1)","decl":{"start":{"line":28,"column":50},"end":{"line":28,"column":51}},"loc":{"start":{"line":28,"column":58},"end":{"line":28,"column":92}},"line":28},"2":{"name":"(anonymous_2)","decl":{"start":{"line":36,"column":28},"end":{"line":36,"column":29}},"loc":{"start":{"line":36,"column":39},"end":{"line":45,"column":5}},"line":36},"3":{"name":"(anonymous_3)","decl":{"start":{"line":39,"column":50},"end":{"line":39,"column":51}},"loc":{"start":{"line":39,"column":58},"end":{"line":39,"column":92}},"line":39},"4":{"name":"(anonymous_4)","decl":{"start":{"line":47,"column":24},"end":{"line":47,"column":25}},"loc":{"start":{"line":47,"column":35},"end":{"line":49,"column":5}},"line":47},"5":{"name":"(anonymous_5)","decl":{"start":{"line":51,"column":29},"end":{"line":51,"column":30}},"loc":{"start":{"line":51,"column":47},"end":{"line":68,"column":5}},"line":51},"6":{"name":"(anonymous_6)","decl":{"start":{"line":70,"column":4},"end":{"line":70,"column":5}},"loc":{"start":{"line":70,"column":13},"end":{"line":147,"column":5}},"line":70},"7":{"name":"(anonymous_7)","decl":{"start":{"line":78,"column":16},"end":{"line":78,"column":17}},"loc":{"start":{"line":78,"column":32},"end":{"line":80,"column":15}},"line":78},"8":{"name":"(anonymous_8)","decl":{"start":{"line":81,"column":19},"end":{"line":81,"column":20}},"loc":{"start":{"line":81,"column":27},"end":{"line":99,"column":13}},"line":81},"9":{"name":"(anonymous_9)","decl":{"start":{"line":88,"column":63},"end":{"line":88,"column":64}},"loc":{"start":{"line":88,"column":69},"end":{"line":88,"column":103}},"line":88},"10":{"name":"(anonymous_10)","decl":{"start":{"line":90,"column":74},"end":{"line":90,"column":75}},"loc":{"start":{"line":90,"column":85},"end":{"line":90,"column":131}},"line":90},"11":{"name":"(anonymous_11)","decl":{"start":{"line":103,"column":62},"end":{"line":103,"column":63}},"loc":{"start":{"line":103,"column":70},"end":{"line":114,"column":13}},"line":103},"12":{"name":"(anonymous_12)","decl":{"start":{"line":151,"column":24},"end":{"line":151,"column":25}},"loc":{"start":{"line":151,"column":36},"end":{"line":153,"column":1}},"line":151},"13":{"name":"(anonymous_13)","decl":{"start":{"line":155,"column":27},"end":{"line":155,"column":28}},"loc":{"start":{"line":155,"column":42},"end":{"line":160,"column":1}},"line":155},"14":{"name":"(anonymous_14)","decl":{"start":{"line":156,"column":23},"end":{"line":156,"column":24}},"loc":{"start":{"line":156,"column":34},"end":{"line":156,"column":68}},"line":156},"15":{"name":"(anonymous_15)","decl":{"start":{"line":157,"column":24},"end":{"line":157,"column":25}},"loc":{"start":{"line":157,"column":43},"end":{"line":157,"column":86}},"line":157},"16":{"name":"(anonymous_16)","decl":{"start":{"line":158,"column":21},"end":{"line":158,"column":22}},"loc":{"start":{"line":158,"column":40},"end":{"line":158,"column":80}},"line":158},"17":{"name":"(anonymous_17)","decl":{"start":{"line":159,"column":24},"end":{"line":159,"column":25}},"loc":{"start":{"line":159,"column":43},"end":{"line":159,"column":86}},"line":159}},"branchMap":{"0":{"loc":{"start":{"line":26,"column":8},"end":{"line":30,"column":9}},"type":"if","locations":[{"start":{"line":26,"column":8},"end":{"line":30,"column":9}},{"start":{"line":26,"column":8},"end":{"line":30,"column":9}}],"line":26},"1":{"loc":{"start":{"line":31,"column":8},"end":{"line":33,"column":9}},"type":"if","locations":[{"start":{"line":31,"column":8},"end":{"line":33,"column":9}},{"start":{"line":31,"column":8},"end":{"line":33,"column":9}}],"line":31},"2":{"loc":{"start":{"line":37,"column":8},"end":{"line":41,"column":9}},"type":"if","locations":[{"start":{"line":37,"column":8},"end":{"line":41,"column":9}},{"start":{"line":37,"column":8},"end":{"line":41,"column":9}}],"line":37},"3":{"loc":{"start":{"line":42,"column":8},"end":{"line":44,"column":9}},"type":"if","locations":[{"start":{"line":42,"column":8},"end":{"line":44,"column":9}},{"start":{"line":42,"column":8},"end":{"line":44,"column":9}}],"line":42},"4":{"loc":{"start":{"line":54,"column":8},"end":{"line":57,"column":9}},"type":"if","locations":[{"start":{"line":54,"column":8},"end":{"line":57,"column":9}},{"start":{"line":54,"column":8},"end":{"line":57,"column":9}}],"line":54},"5":{"loc":{"start":{"line":59,"column":8},"end":{"line":62,"column":9}},"type":"if","locations":[{"start":{"line":59,"column":8},"end":{"line":62,"column":9}},{"start":{"line":59,"column":8},"end":{"line":62,"column":9}}],"line":59},"6":{"loc":{"start":{"line":64,"column":8},"end":{"line":67,"column":9}},"type":"if","locations":[{"start":{"line":64,"column":8},"end":{"line":67,"column":9}},{"start":{"line":64,"column":8},"end":{"line":67,"column":9}}],"line":64},"7":{"loc":{"start":{"line":76,"column":8},"end":{"line":100,"column":9}},"type":"if","locations":[{"start":{"line":76,"column":8},"end":{"line":100,"column":9}},{"start":{"line":76,"column":8},"end":{"line":100,"column":9}}],"line":76},"8":{"loc":{"start":{"line":76,"column":11},"end":{"line":76,"column":83}},"type":"binary-expr","locations":[{"start":{"line":76,"column":11},"end":{"line":76,"column":48}},{"start":{"line":76,"column":52},"end":{"line":76,"column":83}}],"line":76},"9":{"loc":{"start":{"line":102,"column":8},"end":{"line":115,"column":9}},"type":"if","locations":[{"start":{"line":102,"column":8},"end":{"line":115,"column":9}},{"start":{"line":102,"column":8},"end":{"line":115,"column":9}}],"line":102},"10":{"loc":{"start":{"line":128,"column":21},"end":{"line":136,"column":37}},"type":"cond-expr","locations":[{"start":{"line":129,"column":24},"end":{"line":136,"column":30}},{"start":{"line":136,"column":33},"end":{"line":136,"column":37}}],"line":128},"11":{"loc":{"start":{"line":139,"column":21},"end":{"line":141,"column":44}},"type":"cond-expr","locations":[{"start":{"line":141,"column":26},"end":{"line":141,"column":37}},{"start":{"line":141,"column":40},"end":{"line":141,"column":44}}],"line":139},"12":{"loc":{"start":{"line":139,"column":21},"end":{"line":140,"column":64}},"type":"binary-expr","locations":[{"start":{"line":139,"column":21},"end":{"line":139,"column":55}},{"start":{"line":140,"column":27},"end":{"line":140,"column":64}}],"line":139}},"s":{"0":0,"1":0,"2":0,"3":0,"4":0,"5":0,"6":0,"7":0,"8":0,"9":0,"10":0,"11":0,"12":0,"13":0,"14":0,"15":0,"16":0,"17":0,"18":0,"19":0,"20":0,"21":0,"22":0,"23":0,"24":0,"25":0,"26":0,"27":0,"28":0,"29":0,"30":0,"31":0,"32":0,"33":0,"34":0,"35":0,"36":1,"37":0,"38":1,"39":0,"40":0,"41":0,"42":0,"43":0},"f":{"0":0,"1":0,"2":0,"3":0,"4":0,"5":0,"6":0,"7":0,"8":0,"9":0,"10":0,"11":0,"12":0,"13":0,"14":0,"15":0,"16":0,"17":0},"b":{"0":[0,0],"1":[0,0],"2":[0,0],"3":[0,0],"4":[0,0],"5":[0,0],"6":[0,0],"7":[0,0],"8":[0,0],"9":[0,0],"10":[0,0],"11":[0,0],"12":[0,0]},"_coverageSchema":"332fd63041d2c1bcb487cc26dd0d5f7d97098a6c","hash":"24b480af3fc7a8f97eca35e0c0989623ef1db1b5"}
,"/Users/lukehoysted/Sites/LoanApplicationRedux/src/components/layout/layout.js": {"path":"/Users/lukehoysted/Sites/LoanApplicationRedux/src/components/layout/layout.js","statementMap":{"0":{"start":{"line":1,"column":0},"end":{"line":null,"column":-1}},"1":{"start":{"line":2,"column":0},"end":{"line":null,"column":-1}},"2":{"start":{"line":3,"column":0},"end":{"line":null,"column":-1}},"3":{"start":{"line":5,"column":0},"end":{"line":null,"column":-1}},"4":{"start":{"line":6,"column":0},"end":{"line":null,"column":-1}},"5":{"start":{"line":10,"column":4},"end":{"line":null,"column":-1}}},"fnMap":{"0":{"name":"(anonymous_0)","decl":{"start":{"line":9,"column":2},"end":{"line":9,"column":7}},"loc":{"start":{"line":9,"column":11},"end":{"line":23,"column":3}}}},"branchMap":{},"s":{"0":0,"1":0,"2":0,"3":0,"4":0,"5":0},"f":{"0":0},"b":{}}
,"/Users/lukehoysted/Sites/LoanApplicationRedux/src/components/newloanapplication/newloanapplication.js": {"path":"/Users/lukehoysted/Sites/LoanApplicationRedux/src/components/newloanapplication/newloanapplication.js","statementMap":{"0":{"start":{"line":1,"column":0},"end":{"line":null,"column":-1}},"1":{"start":{"line":2,"column":0},"end":{"line":null,"column":-1}},"2":{"start":{"line":4,"column":0},"end":{"line":null,"column":-1}},"3":{"start":{"line":6,"column":43},"end":{"line":null,"column":-1}},"4":{"start":{"line":18,"column":21},"end":{"line":18,"column":10}},"5":{"start":{"line":19,"column":22},"end":{"line":19,"column":10}},"6":{"start":{"line":20,"column":25},"end":{"line":20,"column":10}},"7":{"start":{"line":22,"column":10},"end":{"line":null,"column":-1}},"8":{"start":{"line":23,"column":10},"end":{"line":null,"column":-1}},"9":{"start":{"line":24,"column":10},"end":{"line":null,"column":-1}},"10":{"start":{"line":28,"column":10},"end":{"line":27,"column":31}},"11":{"start":{"line":30,"column":10},"end":{"line":null,"column":-1}},"12":{"start":{"line":35,"column":15},"end":{"line":null,"column":-1}},"13":{"start":{"line":39,"column":10},"end":{"line":null,"column":-1}},"14":{"start":{"line":57,"column":28},"end":{"line":57,"column":0}},"15":{"start":{"line":57,"column":42},"end":{"line":57,"column":27}},"16":{"start":{"line":58,"column":55},"end":{"line":58,"column":63}}},"fnMap":{"0":{"name":"(anonymous_0)","decl":{"start":{"line":6,"column":43},"end":{"line":null,"column":-1}},"loc":{"start":{"line":6,"column":43},"end":{"line":null,"column":-1}}},"1":{"name":"(anonymous_1)","decl":{"start":{"line":17,"column":25},"end":{"line":17,"column":23}},"loc":{"start":{"line":17,"column":35},"end":{"line":6,"column":43}}},"2":{"name":"(anonymous_2)","decl":{"start":{"line":27,"column":21},"end":{"line":27,"column":19}},"loc":{"start":{"line":27,"column":31},"end":{"line":6,"column":43}}},"3":{"name":"(anonymous_3)","decl":{"start":{"line":38,"column":5},"end":{"line":38,"column":10}},"loc":{"start":{"line":38,"column":14},"end":{"line":54,"column":6}}},"4":{"name":"(anonymous_4)","decl":{"start":{"line":57,"column":28},"end":{"line":57,"column":26}},"loc":{"start":{"line":57,"column":42},"end":{"line":57,"column":27}}},"5":{"name":"(anonymous_5)","decl":{"start":{"line":58,"column":20},"end":{"line":58,"column":21}},"loc":{"start":{"line":58,"column":55},"end":{"line":58,"column":63}}}},"branchMap":{},"s":{"0":0,"1":0,"2":0,"3":0,"4":0,"5":0,"6":0,"7":0,"8":0,"9":0,"10":0,"11":0,"12":0,"13":0,"14":0,"15":0,"16":0},"f":{"0":0,"1":0,"2":0,"3":0,"4":0,"5":0},"b":{}}
,"/Users/lukehoysted/Sites/LoanApplicationRedux/src/components/searchbox/searchbox.js": {"path":"/Users/lukehoysted/Sites/LoanApplicationRedux/src/components/searchbox/searchbox.js","statementMap":{"0":{"start":{"line":4,"column":18},"end":{"line":11,"column":1}},"1":{"start":{"line":5,"column":5},"end":{"line":10,"column":11}}},"fnMap":{"0":{"name":"(anonymous_0)","decl":{"start":{"line":4,"column":18},"end":{"line":4,"column":19}},"loc":{"start":{"line":5,"column":5},"end":{"line":10,"column":11}},"line":5}},"branchMap":{},"s":{"0":1,"1":0},"f":{"0":0},"b":{},"_coverageSchema":"332fd63041d2c1bcb487cc26dd0d5f7d97098a6c","hash":"90299a5c33d14487af6d85ca29963680e848d2fc"}
,"/Users/lukehoysted/Sites/LoanApplicationRedux/src/components/spinner/spinner.js": {"path":"/Users/lukehoysted/Sites/LoanApplicationRedux/src/components/spinner/spinner.js","statementMap":{"0":{"start":{"line":4,"column":16},"end":{"line":6,"column":1}},"1":{"start":{"line":5,"column":4},"end":{"line":5,"column":44}}},"fnMap":{"0":{"name":"(anonymous_0)","decl":{"start":{"line":4,"column":16},"end":{"line":4,"column":17}},"loc":{"start":{"line":5,"column":4},"end":{"line":5,"column":44}},"line":5}},"branchMap":{},"s":{"0":1,"1":0},"f":{"0":0},"b":{},"_coverageSchema":"332fd63041d2c1bcb487cc26dd0d5f7d97098a6c","hash":"ab042f4338def8fcbc30f8c679eb05f9336b0a9b"}
,"/Users/lukehoysted/Sites/LoanApplicationRedux/src/reducers/index.js": {"path":"/Users/lukehoysted/Sites/LoanApplicationRedux/src/reducers/index.js","statementMap":{"0":{"start":{"line":2,"column":0},"end":{"line":null,"column":-1}},"1":{"start":{"line":4,"column":0},"end":{"line":null,"column":-1}},"2":{"start":{"line":12,"column":19},"end":{"line":12,"column":0}},"3":{"start":{"line":65,"column":4},"end":{"line":null,"column":-1}},"4":{"start":{"line":67,"column":12},"end":{"line":null,"column":-1}},"5":{"start":{"line":72,"column":12},"end":{"line":null,"column":-1}},"6":{"start":{"line":74,"column":66},"end":{"line":74,"column":30}},"7":{"start":{"line":78,"column":33},"end":{"line":78,"column":12}},"8":{"start":{"line":78,"column":69},"end":{"line":78,"column":33}},"9":{"start":{"line":81,"column":12},"end":{"line":76,"column":8}},"10":{"start":{"line":83,"column":12},"end":{"line":null,"column":-1}},"11":{"start":{"line":85,"column":66},"end":{"line":85,"column":30}},"12":{"start":{"line":88,"column":12},"end":{"line":null,"column":-1}},"13":{"start":{"line":88,"column":65},"end":{"line":88,"column":29}},"14":{"start":{"line":89,"column":12},"end":{"line":null,"column":-1}},"15":{"start":{"line":90,"column":12},"end":{"line":null,"column":-1}},"16":{"start":{"line":92,"column":66},"end":{"line":92,"column":30}},"17":{"start":{"line":95,"column":12},"end":{"line":null,"column":-1}},"18":{"start":{"line":95,"column":65},"end":{"line":95,"column":29}},"19":{"start":{"line":96,"column":12},"end":{"line":null,"column":-1}},"20":{"start":{"line":97,"column":12},"end":{"line":null,"column":-1}},"21":{"start":{"line":99,"column":66},"end":{"line":99,"column":30}},"22":{"start":{"line":102,"column":12},"end":{"line":null,"column":-1}},"23":{"start":{"line":106,"column":16},"end":{"line":106,"column":0}}},"fnMap":{"0":{"name":"rootReducer","decl":{"start":{"line":64,"column":9},"end":{"line":64,"column":0}},"loc":{"start":{"line":64,"column":51},"end":{"line":104,"column":1}}},"1":{"name":"(anonymous_1)","decl":{"start":{"line":74,"column":57},"end":{"line":74,"column":55}},"loc":{"start":{"line":74,"column":66},"end":{"line":74,"column":30}}},"2":{"name":"(anonymous_2)","decl":{"start":{"line":78,"column":60},"end":{"line":78,"column":58}},"loc":{"start":{"line":78,"column":69},"end":{"line":78,"column":33}}},"3":{"name":"(anonymous_3)","decl":{"start":{"line":85,"column":57},"end":{"line":85,"column":55}},"loc":{"start":{"line":85,"column":66},"end":{"line":85,"column":30}}},"4":{"name":"(anonymous_4)","decl":{"start":{"line":88,"column":56},"end":{"line":88,"column":54}},"loc":{"start":{"line":88,"column":65},"end":{"line":88,"column":29}}},"5":{"name":"(anonymous_5)","decl":{"start":{"line":92,"column":57},"end":{"line":92,"column":55}},"loc":{"start":{"line":92,"column":66},"end":{"line":92,"column":30}}},"6":{"name":"(anonymous_6)","decl":{"start":{"line":95,"column":56},"end":{"line":95,"column":54}},"loc":{"start":{"line":95,"column":65},"end":{"line":95,"column":29}}},"7":{"name":"(anonymous_7)","decl":{"start":{"line":99,"column":57},"end":{"line":99,"column":55}},"loc":{"start":{"line":99,"column":66},"end":{"line":99,"column":30}}}},"branchMap":{"0":{"loc":{"start":{"line":64,"column":29},"end":{"line":64,"column":0}},"type":"default-arg","locations":[{"start":{"line":64,"column":29},"end":{"line":64,"column":0}}]},"1":{"loc":{"start":{"line":66,"column":8},"end":{"line":67,"column":12}},"type":"switch","locations":[{"start":{"line":66,"column":8},"end":{"line":67,"column":12}},{"start":{"line":71,"column":8},"end":{"line":72,"column":12}},{"start":{"line":76,"column":8},"end":{"line":83,"column":12}},{"start":{"line":87,"column":8},"end":{"line":90,"column":12}},{"start":{"line":94,"column":8},"end":{"line":97,"column":12}},{"start":{"line":101,"column":8},"end":{"line":102,"column":12}}]}},"s":{"0":0,"1":0,"2":0,"3":0,"4":0,"5":0,"6":0,"7":0,"8":0,"9":0,"10":0,"11":0,"12":0,"13":0,"14":0,"15":0,"16":0,"17":0,"18":0,"19":0,"20":0,"21":0,"22":0,"23":0},"f":{"0":0,"1":0,"2":0,"3":0,"4":0,"5":0,"6":0,"7":0},"b":{"0":[0],"1":[0,0,0,0,0,0]}}
}
