TN:
SF:/Users/lukehoysted/Sites/LoanApplicationRedux/src/data.js
FNF:0
FNH:0
DA:1,0
LF:1
LH:0
BRF:0
BRH:0
end_of_record
TN:
SF:/Users/lukehoysted/Sites/LoanApplicationRedux/src/index.js
FNF:0
FNH:0
DA:1,0
DA:2,0
DA:3,0
DA:4,0
DA:6,0
DA:7,0
DA:8,0
DA:10,0
DA:16,0
LF:9
LH:0
BRDA:13,0,0,0
BRDA:13,0,1,0
BRF:2
BRH:0
end_of_record
TN:
SF:/Users/lukehoysted/Sites/LoanApplicationRedux/src/actions/index.js
FN:9,addNewApplication
FN:22,deleteApplication
FN:30,approveApplication
FN:38,denyApplication
FN:46,pendingApplication
FNF:5
FNH:0
FNDA:0,addNewApplication
FNDA:0,deleteApplication
FNDA:0,approveApplication
FNDA:0,denyApplication
FNDA:0,pendingApplication
DA:1,1
DA:3,1
DA:5,1
DA:6,1
DA:7,1
DA:10,0
DA:23,0
DA:24,0
DA:31,0
DA:39,0
DA:47,0
LF:11
LH:5
BRF:0
BRH:0
end_of_record
TN:
SF:/Users/lukehoysted/Sites/LoanApplicationRedux/src/components/clientfilter/clientfilter.js
FN:5,(anonymous_0)
FNF:1
FNH:1
FNDA:1,(anonymous_0)
DA:6,1
LF:1
LH:1
BRF:0
BRH:0
end_of_record
TN:
SF:/Users/lukehoysted/Sites/LoanApplicationRedux/src/components/indexview/indexview.js
FN:25,(anonymous_0)
FN:28,(anonymous_1)
FN:36,(anonymous_2)
FN:39,(anonymous_3)
FN:47,(anonymous_4)
FN:51,(anonymous_5)
FN:70,(anonymous_6)
FN:78,(anonymous_7)
FN:81,(anonymous_8)
FN:88,(anonymous_9)
FN:90,(anonymous_10)
FN:103,(anonymous_11)
FN:151,(anonymous_12)
FN:155,(anonymous_13)
FN:156,(anonymous_14)
FN:157,(anonymous_15)
FN:158,(anonymous_16)
FN:159,(anonymous_17)
FNF:18
FNH:0
FNDA:0,(anonymous_0)
FNDA:0,(anonymous_1)
FNDA:0,(anonymous_2)
FNDA:0,(anonymous_3)
FNDA:0,(anonymous_4)
FNDA:0,(anonymous_5)
FNDA:0,(anonymous_6)
FNDA:0,(anonymous_7)
FNDA:0,(anonymous_8)
FNDA:0,(anonymous_9)
FNDA:0,(anonymous_10)
FNDA:0,(anonymous_11)
FNDA:0,(anonymous_12)
FNDA:0,(anonymous_13)
FNDA:0,(anonymous_14)
FNDA:0,(anonymous_15)
FNDA:0,(anonymous_16)
FNDA:0,(anonymous_17)
DA:26,0
DA:27,0
DA:28,0
DA:29,0
DA:31,0
DA:32,0
DA:37,0
DA:38,0
DA:39,0
DA:40,0
DA:42,0
DA:43,0
DA:48,0
DA:52,0
DA:54,0
DA:55,0
DA:56,0
DA:59,0
DA:60,0
DA:61,0
DA:64,0
DA:65,0
DA:66,0
DA:71,0
DA:76,0
DA:77,0
DA:79,0
DA:82,0
DA:88,0
DA:90,0
DA:102,0
DA:103,0
DA:104,0
DA:117,0
DA:151,1
DA:155,1
DA:156,0
DA:157,0
DA:158,0
DA:159,0
LF:40
LH:2
BRDA:26,0,0,0
BRDA:26,0,1,0
BRDA:31,1,0,0
BRDA:31,1,1,0
BRDA:37,2,0,0
BRDA:37,2,1,0
BRDA:42,3,0,0
BRDA:42,3,1,0
BRDA:54,4,0,0
BRDA:54,4,1,0
BRDA:59,5,0,0
BRDA:59,5,1,0
BRDA:64,6,0,0
BRDA:64,6,1,0
BRDA:76,7,0,0
BRDA:76,7,1,0
BRDA:76,8,0,0
BRDA:76,8,1,0
BRDA:102,9,0,0
BRDA:102,9,1,0
BRDA:128,10,0,0
BRDA:128,10,1,0
BRDA:139,11,0,0
BRDA:139,11,1,0
BRDA:139,12,0,0
BRDA:139,12,1,0
BRF:26
BRH:0
end_of_record
TN:
SF:/Users/lukehoysted/Sites/LoanApplicationRedux/src/components/layout/layout.js
FN:9,(anonymous_0)
FNF:1
FNH:0
FNDA:0,(anonymous_0)
DA:1,0
DA:2,0
DA:3,0
DA:5,0
DA:6,0
DA:10,0
LF:6
LH:0
BRF:0
BRH:0
end_of_record
TN:
SF:/Users/lukehoysted/Sites/LoanApplicationRedux/src/components/newloanapplication/newloanapplication.js
FN:6,(anonymous_0)
FN:17,(anonymous_1)
FN:27,(anonymous_2)
FN:38,(anonymous_3)
FN:57,(anonymous_4)
FN:58,(anonymous_5)
FNF:6
FNH:0
FNDA:0,(anonymous_0)
FNDA:0,(anonymous_1)
FNDA:0,(anonymous_2)
FNDA:0,(anonymous_3)
FNDA:0,(anonymous_4)
FNDA:0,(anonymous_5)
DA:1,0
DA:2,0
DA:4,0
DA:6,0
DA:18,0
DA:19,0
DA:20,0
DA:22,0
DA:23,0
DA:24,0
DA:28,0
DA:30,0
DA:35,0
DA:39,0
DA:57,0
DA:58,0
LF:16
LH:0
BRF:0
BRH:0
end_of_record
TN:
SF:/Users/lukehoysted/Sites/LoanApplicationRedux/src/components/searchbox/searchbox.js
FN:4,(anonymous_0)
FNF:1
FNH:0
FNDA:0,(anonymous_0)
DA:4,1
DA:5,0
LF:2
LH:1
BRF:0
BRH:0
end_of_record
TN:
SF:/Users/lukehoysted/Sites/LoanApplicationRedux/src/components/spinner/spinner.js
FN:4,(anonymous_0)
FNF:1
FNH:0
FNDA:0,(anonymous_0)
DA:4,1
DA:5,0
LF:2
LH:1
BRF:0
BRH:0
end_of_record
TN:
SF:/Users/lukehoysted/Sites/LoanApplicationRedux/src/reducers/index.js
FN:64,rootReducer
FN:74,(anonymous_1)
FN:78,(anonymous_2)
FN:85,(anonymous_3)
FN:88,(anonymous_4)
FN:92,(anonymous_5)
FN:95,(anonymous_6)
FN:99,(anonymous_7)
FNF:8
FNH:0
FNDA:0,rootReducer
FNDA:0,(anonymous_1)
FNDA:0,(anonymous_2)
FNDA:0,(anonymous_3)
FNDA:0,(anonymous_4)
FNDA:0,(anonymous_5)
FNDA:0,(anonymous_6)
FNDA:0,(anonymous_7)
DA:2,0
DA:4,0
DA:12,0
DA:65,0
DA:67,0
DA:72,0
DA:74,0
DA:78,0
DA:81,0
DA:83,0
DA:85,0
DA:88,0
DA:89,0
DA:90,0
DA:92,0
DA:95,0
DA:96,0
DA:97,0
DA:99,0
DA:102,0
DA:106,0
LF:21
LH:0
BRDA:64,0,0,0
BRDA:66,1,0,0
BRDA:66,1,1,0
BRDA:66,1,2,0
BRDA:66,1,3,0
BRDA:66,1,4,0
BRDA:66,1,5,0
BRF:7
BRH:0
end_of_record
